*** Using Compiler 'V5.06 update 7 (build 960)', folder: 'C:\Keil_v5\ARM\ARMCC\Bin'
Rebuild target 'ble_simple_peripheral'
compiling user_task.c...
compiling simple_gatt_service.c...
compiling button.c...
compiling ble_simple_peripheral.c...
compiling driver_iic.c...
compiling jp_peripheral.c...
compiling proj_main.c...
compiling driver_keyscan.c...
compiling driver_pmu_qdec.c...
compiling driver_pmu.c...
compiling driver_wdt.c...
compiling driver_rtc.c...
compiling driver_uart.c...
compiling driver_codec.c...
compiling driver_exti.c...
compiling driver_i2s.c...
compiling driver_timer.c...
compiling driver_efuse.c...
compiling driver_adc.c...
compiling driver_pdm.c...
assembling app_boot_vectors.s...
compiling driver_system.c...
compiling driver_pmu_pwm.c...
compiling driver_pwm.c...
compiling core_cm3_isr.c...
..\..\..\..\components\modules\platform\source\core_cm3_isr.c(13): warning:  #223-D: function "co_delay_100us" declared implicitly
      co_delay_100us(500);
..\..\..\..\components\modules\platform\source\core_cm3_isr.c: 1 warning, 0 errors
compiling patch.c...
compiling driver_ssp.c...
linking...
Program Size: Code=93396 RO-data=4392 RW-data=1024 ZI-data=3328  
After Build - User command #1: fromelf.exe  --text  -c -o Output/ble_simple_peripheral.txt  Objects/ble_simple_peripheral.axf
After Build - User command #2: fromelf.exe  --bin -o Output/ble_simple_peripheral.bin  Objects/ble_simple_peripheral.axf
".\Objects\ble_simple_peripheral.axf" - 0 Error(s), 1 Warning(s).
Build Time Elapsed:  00:00:03
